2021-01-31 15:21:28,386 - root - INFO - chrome浏览器启动中
2021-01-31 15:21:45,385 - root - INFO - 打开http://121.196.12.97:9110/admin成功
2021-01-31 15:21:45,389 - root - ERROR - 文本输入异常
2021-01-31 15:21:45,973 - root - INFO - 截图保存成功D:\report\img\erro202101311521.png
2021-01-31 15:21:45,974 - root - INFO - 账户输入成功
2021-01-31 15:21:45,978 - root - ERROR - 文本输入异常
2021-01-31 15:21:46,334 - root - INFO - 截图保存成功D:\report\img\erro202101311521.png
2021-01-31 15:21:46,334 - root - INFO - 密码输入成功
2021-01-31 15:21:46,417 - root - INFO - 登录点击成功
2021-01-31 15:21:53,591 - root - INFO - 开始发送邮件
2021-01-31 15:21:55,573 - root - INFO - 邮件发送成功！！
2021-01-31 15:23:59,621 - root - INFO - chrome浏览器启动中
2021-01-31 15:24:15,964 - root - INFO - 打开http://121.196.12.97:9110/admin成功
2021-01-31 15:24:23,114 - root - INFO - 开始发送邮件
2021-01-31 15:24:24,851 - root - INFO - 邮件发送成功！！
2021-01-31 15:26:53,408 - root - INFO - chrome浏览器启动中
2021-01-31 15:27:11,279 - root - INFO - 打开http://121.196.12.97:9110/admin成功
2021-01-31 15:27:18,437 - root - INFO - 开始发送邮件
2021-01-31 15:27:20,372 - root - INFO - 邮件发送成功！！
2021-01-31 15:30:25,166 - root - INFO - chrome浏览器启动中
2021-01-31 15:30:40,502 - root - INFO - 打开http://121.196.12.97:9110/admin成功
2021-01-31 15:30:40,506 - root - ERROR - 文本输入异常:Message: invalid argument: 'using' must be a string
  (Session info: chrome=79.0.3945.130)

2021-01-31 15:30:41,120 - root - INFO - 截图保存成功D:\report\img\erro202101311530.png
2021-01-31 15:30:41,121 - root - INFO - 账户输入成功
2021-01-31 15:30:41,125 - root - ERROR - 文本输入异常:Message: invalid argument: 'using' must be a string
  (Session info: chrome=79.0.3945.130)

2021-01-31 15:30:41,472 - root - INFO - 截图保存成功D:\report\img\erro202101311530.png
2021-01-31 15:30:41,472 - root - INFO - 密码输入成功
2021-01-31 15:30:41,536 - root - INFO - 登录点击成功
2021-01-31 15:30:49,150 - root - INFO - 开始发送邮件
2021-01-31 15:30:50,783 - root - INFO - 邮件发送成功！！
2021-01-31 15:32:37,202 - root - INFO - chrome浏览器启动中
2021-01-31 15:32:53,719 - root - INFO - 打开http://121.196.12.97:9110/admin成功
2021-01-31 15:32:53,732 - root - ERROR - 文本输入异常:Message: invalid argument: 'using' must be a string
  (Session info: chrome=79.0.3945.130)

2021-01-31 15:32:54,351 - root - INFO - 截图保存成功D:\report\img\erro202101311532.png
2021-01-31 15:32:54,351 - root - INFO - 账户输入成功
2021-01-31 15:32:54,355 - root - ERROR - 文本输入异常:Message: invalid argument: 'using' must be a string
  (Session info: chrome=79.0.3945.130)

2021-01-31 15:32:54,704 - root - INFO - 截图保存成功D:\report\img\erro202101311532.png
2021-01-31 15:32:54,704 - root - INFO - 密码输入成功
2021-01-31 15:32:54,772 - root - INFO - 登录点击成功
2021-01-31 15:33:02,853 - root - INFO - 开始发送邮件
2021-01-31 15:33:04,751 - root - INFO - 邮件发送成功！！
2021-01-31 15:33:54,487 - root - INFO - chrome浏览器启动中
2021-01-31 15:34:11,692 - root - INFO - 打开http://121.196.12.97:9110/admin成功
2021-01-31 15:34:11,786 - root - INFO - 账户输入成功
2021-01-31 15:34:11,955 - root - INFO - 密码输入成功
2021-01-31 15:34:12,056 - root - INFO - 登录点击成功
2021-01-31 15:34:19,247 - root - INFO - 开始发送邮件
2021-01-31 15:34:20,927 - root - INFO - 邮件发送成功！！
2021-01-31 15:35:25,326 - root - INFO - chrome浏览器启动中
2021-01-31 15:35:43,930 - root - INFO - 打开http://121.196.12.97:9110/admin成功
2021-01-31 15:35:44,040 - root - INFO - 账户输入成功
2021-01-31 15:35:44,213 - root - INFO - 密码输入成功
2021-01-31 15:35:51,369 - root - INFO - 开始发送邮件
2021-01-31 15:35:53,071 - root - INFO - 邮件发送成功！！
2021-01-31 15:36:46,091 - root - INFO - chrome浏览器启动中
2021-01-31 15:37:03,874 - root - INFO - 打开http://121.196.12.97:9110/admin成功
2021-01-31 15:37:03,983 - root - INFO - 账户输入成功
2021-01-31 15:37:04,154 - root - INFO - 密码输入成功
2021-01-31 15:37:04,234 - root - INFO - 登录点击成功
2021-01-31 15:37:11,415 - root - INFO - 开始发送邮件
2021-01-31 15:37:13,071 - root - INFO - 邮件发送成功！！
2021-01-31 15:38:09,129 - root - INFO - chrome浏览器启动中
2021-01-31 15:38:25,440 - root - INFO - 打开http://121.196.12.97:9110/admin成功
2021-01-31 15:38:25,534 - root - INFO - 账户输入成功
2021-01-31 15:38:25,715 - root - INFO - 密码输入成功
2021-01-31 15:38:25,806 - root - INFO - 登录点击成功
2021-01-31 15:38:25,836 - root - INFO - 打开http://121.196.12.97:9110/admin/index.html#/dashboard成功
2021-01-31 15:38:27,507 - root - INFO - 点击文章tab
2021-01-31 15:38:27,973 - root - INFO - 点击写文章
2021-01-31 15:38:35,126 - root - INFO - 开始发送邮件
2021-01-31 15:38:36,862 - root - INFO - 邮件发送成功！！
2021-01-31 15:40:19,617 - root - INFO - chrome浏览器启动中
2021-01-31 15:40:38,075 - root - INFO - 打开http://121.196.12.97:9110/admin成功
2021-01-31 15:40:38,185 - root - INFO - 账户输入成功
2021-01-31 15:40:38,376 - root - INFO - 密码输入成功
2021-01-31 15:40:38,476 - root - INFO - 登录点击成功
2021-01-31 15:40:40,645 - root - INFO - 打开http://121.196.12.97:9110/admin/index.html#/dashboard成功
2021-01-31 15:40:40,717 - root - INFO - 点击文章tab
2021-01-31 15:40:41,081 - root - INFO - 点击写文章
2021-01-31 15:40:48,653 - root - INFO - 开始发送邮件
2021-01-31 15:40:50,287 - root - INFO - 邮件发送成功！！
2021-01-31 16:01:04,069 - root - INFO - chrome浏览器启动中
2021-01-31 16:01:12,064 - root - INFO - 打开http://121.196.12.97:9110/admin成功
2021-01-31 16:01:12,158 - root - INFO - 账户输入成功
2021-01-31 16:01:12,335 - root - INFO - 密码输入成功
2021-01-31 16:01:12,446 - root - INFO - 登录点击成功
2021-01-31 16:01:13,957 - root - INFO - 打开http://121.196.12.97:9110/admin/index.html#/dashboard成功
2021-01-31 16:01:14,016 - root - INFO - 点击文章tab
2021-01-31 16:01:14,492 - root - INFO - 点击写文章
2021-01-31 16:01:21,639 - root - INFO - 开始发送邮件
2021-01-31 16:01:23,960 - root - INFO - 邮件发送成功！！
